{
  "0 debug pnpm:scope": {
    "selected": 1
  },
  "1 error pnpm": {
    "message": {
      "errno": 1,
      "code": "ELIFECYCLE",
      "pkgid": "yesmd@0.1.0",
      "stage": "test:unit",
      "script": "vue-cli-service test:unit",
      "pkgname": "yesmd"
    },
    "err": {
      "name": "Error",
      "message": "yesmd@0.1.0 test:unit: `vue-cli-service test:unit`\nExit status 1",
      "code": "ELIFECYCLE",
      "stack": "Error: yesmd@0.1.0 test:unit: `vue-cli-service test:unit`\nExit status 1\n    at EventEmitter.proc.on (/usr/pnpm-global/3/node_modules/.pnpm/registry.npmjs.org/pnpm/4.6.0/node_modules/pnpm/lib/node_modules/@zkochan/npm-lifecycle/index.js:302:16)\n    at EventEmitter.emit (events.js:198:13)\n    at ChildProcess.<anonymous> (/usr/pnpm-global/3/node_modules/.pnpm/registry.npmjs.org/pnpm/4.6.0/node_modules/pnpm/lib/node_modules/@zkochan/npm-lifecycle/lib/spawn.js:55:14)\n    at ChildProcess.emit (events.js:198:13)\n    at maybeClose (internal/child_process.js:982:16)\n    at Process.ChildProcess._handle.onexit (internal/child_process.js:259:5)"
    }
  }
}